2026-02-11 15:18:30 | ai_food | [32mINFO[0m | generate_food_recommendation:61 | Generating food recommendation for: best biryani places...
2026-02-11 15:18:39 | ai_food | [32mINFO[0m | generate_food_recommendation:128 | ✅ Generated 4388 chars food recommendation
2026-02-13 09:20:01 | ai_food | [32mINFO[0m | generate_food_recommendation:61 | Generating food recommendation for: best biryani places...
2026-02-13 09:20:05 | ai_food | [32mINFO[0m | generate_food_recommendation:61 | Generating food recommendation for: best biryani places...
2026-02-13 09:20:42 | ai_food | [32mINFO[0m | generate_food_recommendation:128 | ✅ Generated 4195 chars food recommendation
2026-02-13 09:31:45 | ai_food | [32mINFO[0m | generate_food_recommendation:61 | Generating food recommendation for: Explore famous biryani places...
2026-02-13 09:31:58 | ai_food | [32mINFO[0m | generate_food_recommendation:128 | ✅ Generated 5887 chars food recommendation
2026-02-13 09:34:53 | ai_food | [32mINFO[0m | generate_food_recommendation:61 | Generating food recommendation for: best biryani places...
2026-02-13 09:35:29 | ai_food | [33mWARNING[0m | generate_food_recommendation:132 | Attempt 1 failed: ('Connection aborted.', RemoteDisconnected('Remote end closed connection without response'))
2026-02-13 09:35:42 | ai_food | [32mINFO[0m | generate_food_recommendation:128 | ✅ Generated 4939 chars food recommendation
2026-02-13 09:38:52 | ai_food | [32mINFO[0m | generate_food_recommendation:61 | Generating food recommendation for: New biryani restaurants nearby...
2026-02-13 09:39:51 | ai_food | [32mINFO[0m | generate_food_recommendation:128 | ✅ Generated 6411 chars food recommendation
2026-02-13 09:40:14 | ai_food | [32mINFO[0m | generate_food_recommendation:61 | Generating food recommendation for: best biryani places...
2026-02-13 09:40:40 | ai_food | [32mINFO[0m | generate_food_recommendation:128 | ✅ Generated 5850 chars food recommendation
2026-02-13 10:42:32 | ai_food | [32mINFO[0m | generate_food_recommendation:61 | Generating food recommendation for: best biryani places...
2026-02-13 10:42:39 | ai_food | [32mINFO[0m | generate_food_recommendation:128 | ✅ Generated 4551 chars food recommendation
2026-02-14 11:59:42 | ai_food | [32mINFO[0m | generate_food_recommendation:61 | Generating food recommendation for: Explore famous biryani places...
2026-02-14 11:59:50 | ai_food | [32mINFO[0m | generate_food_recommendation:128 | ✅ Generated 5190 chars food recommendation
2026-02-14 12:05:39 | ai_food | [32mINFO[0m | generate_food_recommendation:61 | Generating food recommendation for: Explore famous biryani places...
2026-02-14 12:05:47 | ai_food | [32mINFO[0m | generate_food_recommendation:128 | ✅ Generated 6546 chars food recommendation
2026-02-15 15:06:30 | ai_food | [32mINFO[0m | generate_food_recommendation:61 | Generating food recommendation for: food...
2026-02-15 15:06:38 | ai_food | [32mINFO[0m | generate_food_recommendation:128 | ✅ Generated 3857 chars food recommendation
2026-02-16 12:29:38 | ai_food | [32mINFO[0m | generate_food_recommendation:61 | Generating food recommendation for: food...
2026-02-16 12:29:43 | ai_food | [32mINFO[0m | generate_food_recommendation:128 | ✅ Generated 2786 chars food recommendation
2026-02-16 20:04:34 | ai_food | [32mINFO[0m | generate_food_recommendation:61 | Generating food recommendation for: late night cafes hyderabad...
2026-02-16 20:04:38 | ai_food | [33mWARNING[0m | generate_food_recommendation:132 | Attempt 1 failed: 503 UNAVAILABLE. This model is currently experiencing high demand. Spikes in demand are usually temporary. Please try again later.
2026-02-16 20:04:44 | ai_food | [32mINFO[0m | generate_food_recommendation:128 | ✅ Generated 4025 chars food recommendation
2026-02-17 15:19:24 | ai_food | [32mINFO[0m | generate_food_recommendation:61 | Generating food recommendation for: show me food delivery offers...
2026-02-17 15:19:36 | ai_food | [32mINFO[0m | generate_food_recommendation:128 | ✅ Generated 5185 chars food recommendation
2026-02-17 15:31:04 | ai_food | [32mINFO[0m | generate_food_recommendation:61 | Generating food recommendation for: Explore famous biryani places...
2026-02-17 15:31:12 | ai_food | [32mINFO[0m | generate_food_recommendation:128 | ✅ Generated 4760 chars food recommendation
2026-02-17 16:37:09 | ai_food | [32mINFO[0m | generate_food_recommendation:61 | Generating food recommendation for: Explore famous biryani places...
2026-02-17 16:37:17 | ai_food | [32mINFO[0m | generate_food_recommendation:129 | ✅ Generated 5434 chars food recommendation
2026-02-17 16:37:47 | ai_food | [32mINFO[0m | generate_food_recommendation:61 | Generating food recommendation for: food...
2026-02-17 16:37:54 | ai_food | [32mINFO[0m | generate_food_recommendation:129 | ✅ Generated 5900 chars food recommendation
2026-02-17 16:46:11 | ai_food | [32mINFO[0m | generate_food_recommendation:61 | Generating food recommendation for: weather in uppal...
2026-02-17 16:46:18 | ai_food | [32mINFO[0m | generate_food_recommendation:129 | ✅ Generated 3582 chars food recommendation
2026-02-17 17:07:08 | ai_food | [32mINFO[0m | generate_food_recommendation:61 | Generating food recommendation for: weather in ghatkesar...
2026-02-17 17:07:11 | ai_food | [32mINFO[0m | generate_food_recommendation:129 | ✅ Generated 332 chars food recommendation
2026-02-17 17:07:46 | ai_food | [32mINFO[0m | generate_food_recommendation:61 | Generating food recommendation for: Explore famous biryani places...
2026-02-17 17:07:55 | ai_food | [32mINFO[0m | generate_food_recommendation:129 | ✅ Generated 6171 chars food recommendation
2026-02-17 17:08:54 | ai_food | [32mINFO[0m | generate_food_recommendation:61 | Generating food recommendation for: weather in uppal...
2026-02-17 17:09:00 | ai_food | [32mINFO[0m | generate_food_recommendation:129 | ✅ Generated 4008 chars food recommendation
2026-02-17 17:35:38 | ai_food | [32mINFO[0m | generate_food_recommendation:61 | Generating food recommendation for: Explore famous biryani places...
2026-02-17 17:35:47 | ai_food | [32mINFO[0m | generate_food_recommendation:129 | ✅ Generated 6667 chars food recommendation
2026-02-17 17:42:41 | ai_food | [32mINFO[0m | generate_food_recommendation:61 | Generating food recommendation for: best biryani places...
2026-02-17 17:42:49 | ai_food | [32mINFO[0m | generate_food_recommendation:129 | ✅ Generated 5711 chars food recommendation
2026-02-17 20:33:19 | ai_food | [32mINFO[0m | generate_food_recommendation:61 | Generating food recommendation for: can you give the famous hotel near me...
2026-02-17 20:33:29 | ai_food | [32mINFO[0m | generate_food_recommendation:129 | ✅ Generated 4580 chars food recommendation
2026-02-17 20:35:07 | ai_food | [32mINFO[0m | generate_food_recommendation:61 | Generating food recommendation for: food...
2026-02-17 20:35:15 | ai_food | [32mINFO[0m | generate_food_recommendation:129 | ✅ Generated 5584 chars food recommendation
2026-02-17 20:35:35 | ai_food | [32mINFO[0m | generate_food_recommendation:61 | Generating food recommendation for: famous hotel near me...
2026-02-17 20:35:43 | ai_food | [32mINFO[0m | generate_food_recommendation:129 | ✅ Generated 4430 chars food recommendation
2026-02-17 20:39:44 | ai_food | [32mINFO[0m | generate_food_recommendation:61 | Generating food recommendation for: Explore famous biryani places...
2026-02-17 20:39:49 | ai_food | [33mWARNING[0m | generate_food_recommendation:133 | Attempt 1 failed: ('Connection aborted.', ConnectionAbortedError(10053, 'An established connection was aborted by the software in your host machine', None, 10053, None))
2026-02-17 20:43:37 | ai_food | [32mINFO[0m | generate_food_recommendation:61 | Generating food recommendation for: Explore famous biryani places...
2026-02-17 20:43:37 | ai_food | [32mINFO[0m | generate_food_recommendation:61 | Generating food recommendation for: Explore famous biryani places...
2026-02-17 20:43:38 | ai_food | [32mINFO[0m | generate_food_recommendation:61 | Generating food recommendation for: Explore famous biryani places...
2026-02-17 20:43:38 | ai_food | [32mINFO[0m | generate_food_recommendation:61 | Generating food recommendation for: Explore famous biryani places...
2026-02-17 20:43:43 | ai_food | [32mINFO[0m | generate_food_recommendation:129 | ✅ Generated 6575 chars food recommendation
2026-02-17 20:43:43 | ai_food | [32mINFO[0m | generate_food_recommendation:129 | ✅ Generated 5717 chars food recommendation
2026-02-17 20:43:44 | ai_food | [32mINFO[0m | generate_food_recommendation:129 | ✅ Generated 6082 chars food recommendation
2026-02-17 20:43:44 | ai_food | [32mINFO[0m | generate_food_recommendation:129 | ✅ Generated 6471 chars food recommendation
2026-02-17 21:00:56 | ai_food | [32mINFO[0m | generate_food_recommendation:61 | Generating food recommendation for: Explore famous biryani places...
2026-02-17 21:01:02 | ai_food | [32mINFO[0m | generate_food_recommendation:129 | ✅ Generated 4718 chars food recommendation
2026-02-17 21:01:50 | ai_food | [32mINFO[0m | generate_food_recommendation:61 | Generating food recommendation for: late night cafes hyderabad...
2026-02-17 21:01:59 | ai_food | [32mINFO[0m | generate_food_recommendation:129 | ✅ Generated 4559 chars food recommendation
